<?xml version="1.0" encoding="UTF-8"?>
<testsuite name="org.lazarev.MathResultTest" tests="5" skipped="0" failures="0" errors="0" timestamp="2022-12-17T09:20:56" hostname="DESKTOP-EULDJ6I" time="0.034">
  <properties/>
  <testcase name="endWriterCheckFail()" classname="org.lazarev.MathResultTest" time="0.022"/>
  <testcase name="sellAtDiscount()" classname="org.lazarev.MathResultTest" time="0.004"/>
  <testcase name="returnSale()" classname="org.lazarev.MathResultTest" time="0.001"/>
  <testcase name="startWriterCheckFail()" classname="org.lazarev.MathResultTest" time="0.001"/>
  <testcase name="sellOut()" classname="org.lazarev.MathResultTest" time="0.001"/>
  <system-out><![CDATA[]]></system-out>
  <system-err><![CDATA[]]></system-err>
</testsuite>
